Pramod-Octapad-midi/android_project/app/build/intermediates/manifest_merge_blame_file/debug/manifest-merger-blame-debug-report.txt
1<?xml version="1.0" encoding="utf-8"?>
2<manifest xmlns:android="http://schemas.android.com/apk/res/android"
3    package="com.pramod.octapadpromidi"
4    platformBuildVersionCode="34"
5    platformBuildVersionName="14"
6    android:compileSdkVersion="34"
7    android:compileSdkVersionCodename="14"
8    android:versionCode="1"
9    android:versionName="1.0" >
10
11    <uses-sdk
12        android:minSdkVersion="21"
13        android:targetSdkVersion="34" />
14
15    <uses-permission android:name="android.permission.READ_EXTERNAL_STORAGE" />
15-->src/main/AndroidManifest.xml:2:5-79
15-->src/main/AndroidManifest.xml:2:22-77
16    <uses-permission android:name="android.permission.WRITE_EXTERNAL_STORAGE" />
16-->src/main/AndroidManifest.xml:3:5-80
16-->src/main/AndroidManifest.xml:3:22-78
17    <uses-permission android:name="android.permission.RECORD_AUDIO" />
17-->src/main/AndroidManifest.xml:4:5-70
17-->src/main/AndroidManifest.xml:4:22-68
18    <uses-permission android:name="android.permission.MODIFY_AUDIO_SETTINGS" />
18-->src/main/AndroidManifest.xml:5:5-79
18-->src/main/AndroidManifest.xml:5:22-77
19    <uses-permission android:name="android.permission.INTERNET" />
19-->src/main/AndroidManifest.xml:6:5-66
19-->src/main/AndroidManifest.xml:6:22-64
20    <uses-permission android:name="android.permission.ACCESS_NETWORK_STATE" />
20-->src/main/AndroidManifest.xml:7:5-78
20-->src/main/AndroidManifest.xml:7:22-76
21
22    <uses-feature android:name="android.hardware.usb.host" />
22-->src/main/AndroidManifest.xml:8:5-61
22-->src/main/AndroidManifest.xml:8:19-59
23    <uses-feature
23-->src/main/AndroidManifest.xml:9:5-81
24        android:name="android.software.midi"
24-->src/main/AndroidManifest.xml:9:19-55
25        android:required="true" />
25-->src/main/AndroidManifest.xml:9:56-79
26
27    <permission
27-->src/main/AndroidManifest.xml:10:5-136
28        android:name="com.pramod.octapadpromidi.DYNAMIC_RECEIVER_NOT_EXPORTED_PERMISSION"
28-->src/main/AndroidManifest.xml:10:17-98
29        android:protectionLevel="signature" />
29-->src/main/AndroidManifest.xml:10:99-134
30
31    <uses-permission android:name="com.pramod.octapadpromidi.DYNAMIC_RECEIVER_NOT_EXPORTED_PERMISSION" />
31-->src/main/AndroidManifest.xml:11:5-105
31-->src/main/AndroidManifest.xml:11:22-103
32
33    <application
33-->src/main/AndroidManifest.xml:12:5-50:19
34        android:allowBackup="true"
34-->src/main/AndroidManifest.xml:12:18-44
35        android:appComponentFactory="androidx.core.app.CoreComponentFactory"
35-->src/main/AndroidManifest.xml:12:45-113
36        android:debuggable="true"
36-->src/main/AndroidManifest.xml:12:114-139
37        android:extractNativeLibs="true"
37-->src/main/AndroidManifest.xml:12:140-172
38        android:icon="@mipmap/ic_launcher"
38-->src/main/AndroidManifest.xml:12:173-207
39        android:label="@string/app_name"
39-->src/main/AndroidManifest.xml:12:208-240
40        android:theme="@android:style/Theme.Black.NoTitleBar.Fullscreen" >
40-->src/main/AndroidManifest.xml:12:241-305
41        <activity
41-->src/main/AndroidManifest.xml:13:9-18:20
42            android:name="com.pramod.octapadpromidi.ActivationActivity"
42-->src/main/AndroidManifest.xml:13:43-102
43            android:exported="true"
43-->src/main/AndroidManifest.xml:13:19-42
44            android:screenOrientation="landscape" >
44-->src/main/AndroidManifest.xml:13:103-140
45            <intent-filter>
45-->src/main/AndroidManifest.xml:14:13-17:29
46                <action android:name="android.intent.action.MAIN" />
46-->src/main/AndroidManifest.xml:15:17-68
46-->src/main/AndroidManifest.xml:15:25-66
47
48                <category android:name="android.intent.category.LAUNCHER" />
48-->src/main/AndroidManifest.xml:16:17-76
48-->src/main/AndroidManifest.xml:16:27-74
49            </intent-filter>
50        </activity>
51        <activity
51-->src/main/AndroidManifest.xml:19:9-137
52            android:name="com.pramod.octapadpromidi.MainActivity"
52-->src/main/AndroidManifest.xml:19:44-97
53            android:exported="false"
53-->src/main/AndroidManifest.xml:19:19-43
54            android:screenOrientation="landscape" />
54-->src/main/AndroidManifest.xml:19:98-135
55        <activity
55-->src/main/AndroidManifest.xml:20:9-138
56            android:name="com.pramod.octapadpromidi.LoopsActivity"
56-->src/main/AndroidManifest.xml:20:44-98
57            android:exported="false"
57-->src/main/AndroidManifest.xml:20:19-43
58            android:screenOrientation="landscape" />
58-->src/main/AndroidManifest.xml:20:99-136
59
60        <service
60-->src/main/AndroidManifest.xml:21:9-143
61            android:name="com.pramod.octapadpromidi.LoopService"
61-->src/main/AndroidManifest.xml:21:43-95
62            android:exported="false"
62-->src/main/AndroidManifest.xml:21:18-42
63            android:foregroundServiceType="mediaPlayback" />
63-->src/main/AndroidManifest.xml:21:96-141
64        <service
64-->src/main/AndroidManifest.xml:22:9-27:19
65            android:name="com.google.firebase.components.ComponentDiscoveryService"
65-->src/main/AndroidManifest.xml:22:74-145
66            android:directBootAware="true"
66-->src/main/AndroidManifest.xml:22:18-48
67            android:exported="false" >
67-->src/main/AndroidManifest.xml:22:49-73
68            <meta-data
68-->src/main/AndroidManifest.xml:23:13-195
69                android:name="com.google.firebase.components:com.google.firebase.database.FirebaseDatabaseKtxRegistrar"
69-->src/main/AndroidManifest.xml:23:24-127
70                android:value="com.google.firebase.components.ComponentRegistrar" />
70-->src/main/AndroidManifest.xml:23:128-193
71            <meta-data
71-->src/main/AndroidManifest.xml:24:13-184
72                android:name="com.google.firebase.components:com.google.firebase.database.DatabaseRegistrar"
72-->src/main/AndroidManifest.xml:24:24-116
73                android:value="com.google.firebase.components.ComponentRegistrar" />
73-->src/main/AndroidManifest.xml:24:117-182
74            <meta-data
74-->src/main/AndroidManifest.xml:25:13-191
75                android:name="com.google.firebase.components:com.google.firebase.ktx.FirebaseCommonLegacyRegistrar"
75-->src/main/AndroidManifest.xml:25:24-123
76                android:value="com.google.firebase.components.ComponentRegistrar" />
76-->src/main/AndroidManifest.xml:25:124-189
77            <meta-data
77-->src/main/AndroidManifest.xml:26:13-184
78                android:name="com.google.firebase.components:com.google.firebase.FirebaseCommonKtxRegistrar"
78-->src/main/AndroidManifest.xml:26:24-116
79                android:value="com.google.firebase.components.ComponentRegistrar" />
79-->src/main/AndroidManifest.xml:26:117-182
80            <meta-data
80-->[com.google.firebase:firebase-auth:22.3.0] AndroidManifest.xml:69:13-71:85
81                android:name="com.google.firebase.components:com.google.firebase.auth.FirebaseAuthRegistrar"
81-->[com.google.firebase:firebase-auth:22.3.0] AndroidManifest.xml:70:17-109
82                android:value="com.google.firebase.components.ComponentRegistrar" />
82-->[com.google.firebase:firebase-auth:22.3.0] AndroidManifest.xml:71:17-82
83        </service>
84
85        <provider
85-->src/main/AndroidManifest.xml:28:9-234
86            android:name="com.google.firebase.provider.FirebaseInitProvider"
86-->src/main/AndroidManifest.xml:28:168-232
87            android:authorities="com.pramod.octapadpromidi.firebaseinitprovider"
87-->src/main/AndroidManifest.xml:28:19-87
88            android:directBootAware="true"
88-->src/main/AndroidManifest.xml:28:88-118
89            android:exported="false"
89-->src/main/AndroidManifest.xml:28:119-143
90            android:initOrder="100" />
90-->src/main/AndroidManifest.xml:28:144-167
91
92        <activity
92-->src/main/AndroidManifest.xml:29:9-172
93            android:name="com.google.android.gms.common.api.GoogleApiActivity"
93-->src/main/AndroidManifest.xml:29:44-110
94            android:exported="false"
94-->src/main/AndroidManifest.xml:29:19-43
95            android:theme="@android:style/Theme.Translucent.NoTitleBar" />
95-->src/main/AndroidManifest.xml:29:111-170
96
97        <meta-data
97-->src/main/AndroidManifest.xml:30:9-121
98            android:name="com.google.android.gms.version"
98-->src/main/AndroidManifest.xml:30:20-65
99            android:value="@integer/google_play_services_version" />
99-->src/main/AndroidManifest.xml:30:66-119
100
101        <provider
101-->src/main/AndroidManifest.xml:31:9-35:20
102            android:name="androidx.startup.InitializationProvider"
102-->src/main/AndroidManifest.xml:31:109-163
103            android:authorities="com.pramod.octapadpromidi.androidx-startup"
103-->src/main/AndroidManifest.xml:31:19-83
104            android:exported="false" >
104-->src/main/AndroidManifest.xml:31:84-108
105            <meta-data
105-->src/main/AndroidManifest.xml:32:13-117
106                android:name="androidx.emoji2.text.EmojiCompatInitializer"
106-->src/main/AndroidManifest.xml:32:24-82
107                android:value="androidx.startup" />
107-->src/main/AndroidManifest.xml:32:83-115
108            <meta-data
108-->src/main/AndroidManifest.xml:33:13-120
109                android:name="androidx.lifecycle.ProcessLifecycleInitializer"
109-->src/main/AndroidManifest.xml:33:24-85
110                android:value="androidx.startup" />
110-->src/main/AndroidManifest.xml:33:86-118
111            <meta-data
111-->src/main/AndroidManifest.xml:34:13-127
112                android:name="androidx.profileinstaller.ProfileInstallerInitializer"
112-->src/main/AndroidManifest.xml:34:24-92
113                android:value="androidx.startup" />
113-->src/main/AndroidManifest.xml:34:93-125
114        </provider>
115
116        <receiver
116-->src/main/AndroidManifest.xml:36:9-49:20
117            android:name="androidx.profileinstaller.ProfileInstallReceiver"
117-->src/main/AndroidManifest.xml:36:98-161
118            android:directBootAware="false"
118-->src/main/AndroidManifest.xml:36:19-50
119            android:enabled="true"
119-->src/main/AndroidManifest.xml:36:51-73
120            android:exported="true"
120-->src/main/AndroidManifest.xml:36:74-97
121            android:permission="android.permission.DUMP" >
121-->src/main/AndroidManifest.xml:36:162-206
122            <intent-filter>
122-->src/main/AndroidManifest.xml:37:13-39:29
123                <action android:name="androidx.profileinstaller.action.INSTALL_PROFILE" />
123-->src/main/AndroidManifest.xml:38:17-90
123-->src/main/AndroidManifest.xml:38:25-88
124            </intent-filter>
125            <intent-filter>
125-->src/main/AndroidManifest.xml:40:13-42:29
126                <action android:name="androidx.profileinstaller.action.SKIP_FILE" />
126-->src/main/AndroidManifest.xml:41:17-84
126-->src/main/AndroidManifest.xml:41:25-82
127            </intent-filter>
128            <intent-filter>
128-->src/main/AndroidManifest.xml:43:13-45:29
129                <action android:name="androidx.profileinstaller.action.SAVE_PROFILE" />
129-->src/main/AndroidManifest.xml:44:17-87
129-->src/main/AndroidManifest.xml:44:25-85
130            </intent-filter>
131            <intent-filter>
131-->src/main/AndroidManifest.xml:46:13-48:29
132                <action android:name="androidx.profileinstaller.action.BENCHMARK_OPERATION" />
132-->src/main/AndroidManifest.xml:47:17-94
132-->src/main/AndroidManifest.xml:47:25-92
133            </intent-filter>
134        </receiver>
135
136        <activity
136-->[com.google.firebase:firebase-auth:22.3.0] AndroidManifest.xml:29:9-46:20
137            android:name="com.google.firebase.auth.internal.GenericIdpActivity"
137-->[com.google.firebase:firebase-auth:22.3.0] AndroidManifest.xml:30:13-80
138            android:excludeFromRecents="true"
138-->[com.google.firebase:firebase-auth:22.3.0] AndroidManifest.xml:31:13-46
139            android:exported="true"
139-->[com.google.firebase:firebase-auth:22.3.0] AndroidManifest.xml:32:13-36
140            android:launchMode="singleTask"
140-->[com.google.firebase:firebase-auth:22.3.0] AndroidManifest.xml:33:13-44
141            android:theme="@android:style/Theme.Translucent.NoTitleBar" >
141-->[com.google.firebase:firebase-auth:22.3.0] AndroidManifest.xml:34:13-72
142            <intent-filter>
142-->[com.google.firebase:firebase-auth:22.3.0] AndroidManifest.xml:35:13-45:29
143                <action android:name="android.intent.action.VIEW" />
143-->[com.google.firebase:firebase-auth:22.3.0] AndroidManifest.xml:36:17-69
143-->[com.google.firebase:firebase-auth:22.3.0] AndroidManifest.xml:36:25-66
144
145                <category android:name="android.intent.category.DEFAULT" />
145-->[com.google.firebase:firebase-auth:22.3.0] AndroidManifest.xml:38:17-76
145-->[com.google.firebase:firebase-auth:22.3.0] AndroidManifest.xml:38:27-73
146                <category android:name="android.intent.category.BROWSABLE" />
146-->[com.google.firebase:firebase-auth:22.3.0] AndroidManifest.xml:39:17-78
146-->[com.google.firebase:firebase-auth:22.3.0] AndroidManifest.xml:39:27-75
147
148                <data
148-->[com.google.firebase:firebase-auth:22.3.0] AndroidManifest.xml:41:17-44:51
149                    android:host="firebase.auth"
149-->[com.google.firebase:firebase-auth:22.3.0] AndroidManifest.xml:42:21-49
150                    android:path="/"
150-->[com.google.firebase:firebase-auth:22.3.0] AndroidManifest.xml:43:21-37
151                    android:scheme="genericidp" />
151-->[com.google.firebase:firebase-auth:22.3.0] AndroidManifest.xml:44:21-48
152            </intent-filter>
153        </activity>
154        <activity
154-->[com.google.firebase:firebase-auth:22.3.0] AndroidManifest.xml:47:9-64:20
155            android:name="com.google.firebase.auth.internal.RecaptchaActivity"
155-->[com.google.firebase:firebase-auth:22.3.0] AndroidManifest.xml:48:13-79
156            android:excludeFromRecents="true"
156-->[com.google.firebase:firebase-auth:22.3.0] AndroidManifest.xml:49:13-46
157            android:exported="true"
157-->[com.google.firebase:firebase-auth:22.3.0] AndroidManifest.xml:50:13-36
158            android:launchMode="singleTask"
158-->[com.google.firebase:firebase-auth:22.3.0] AndroidManifest.xml:51:13-44
159            android:theme="@android:style/Theme.Translucent.NoTitleBar" >
159-->[com.google.firebase:firebase-auth:22.3.0] AndroidManifest.xml:52:13-72
160            <intent-filter>
160-->[com.google.firebase:firebase-auth:22.3.0] AndroidManifest.xml:53:13-63:29
161                <action android:name="android.intent.action.VIEW" />
161-->[com.google.firebase:firebase-auth:22.3.0] AndroidManifest.xml:36:17-69
161-->[com.google.firebase:firebase-auth:22.3.0] AndroidManifest.xml:36:25-66
162
163                <category android:name="android.intent.category.DEFAULT" />
163-->[com.google.firebase:firebase-auth:22.3.0] AndroidManifest.xml:38:17-76
163-->[com.google.firebase:firebase-auth:22.3.0] AndroidManifest.xml:38:27-73
164                <category android:name="android.intent.category.BROWSABLE" />
164-->[com.google.firebase:firebase-auth:22.3.0] AndroidManifest.xml:39:17-78
164-->[com.google.firebase:firebase-auth:22.3.0] AndroidManifest.xml:39:27-75
165
166                <data
166-->[com.google.firebase:firebase-auth:22.3.0] AndroidManifest.xml:41:17-44:51
167                    android:host="firebase.auth"
167-->[com.google.firebase:firebase-auth:22.3.0] AndroidManifest.xml:42:21-49
168                    android:path="/"
168-->[com.google.firebase:firebase-auth:22.3.0] AndroidManifest.xml:43:21-37
169                    android:scheme="recaptcha" />
169-->[com.google.firebase:firebase-auth:22.3.0] AndroidManifest.xml:44:21-48
170            </intent-filter>
171        </activity>
172    </application>
173
174</manifest>